{"contracts\\ERCTOKEN.sol":{"l":{"26":24,"27":24,"28":24,"29":24,"33":24,"34":24,"38":8,"42":8,"46":24,"47":24,"51":8,"52":8,"53":8,"54":8,"58":8,"59":8,"60":8,"64":32,"66":32,"68":32,"72":0,"73":0,"77":8,"78":8,"80":8,"81":8,"83":8,"87":24,"88":24,"89":24,"91":24,"95":0,"96":0,"98":0,"99":0,"101":0},"path":"C:\\Users\\Acer\\Desktop\\_Crypton\\_week2\\contracts\\ERCTOKEN.sol","s":{"1":24,"2":24,"3":24,"4":24,"5":24,"6":8,"7":8,"8":24,"9":24,"10":8,"11":8,"12":8,"13":8,"14":8,"15":8,"16":8,"17":32,"18":32,"19":32,"20":0,"21":0,"22":8,"23":8,"24":8,"25":8,"26":8,"27":24,"28":24,"29":24,"30":24,"31":0,"32":0,"33":0,"34":0,"35":0},"b":{"1":[24,0],"2":[8,0],"3":[8,0],"4":[32,0],"5":[8,0],"6":[8,0],"7":[24,0],"8":[0,0],"9":[0,0]},"f":{"1":24,"2":24,"3":8,"4":8,"5":24,"6":8,"7":8,"8":32,"9":0,"10":8,"11":24,"12":0},"fnMap":{"1":{"name":"constructor","line":21,"loc":{"start":{"line":21,"column":4},"end":{"line":30,"column":4}}},"2":{"name":"isOnwer","line":32,"loc":{"start":{"line":32,"column":4},"end":{"line":35,"column":4}}},"3":{"name":"balanceOf","line":37,"loc":{"start":{"line":37,"column":4},"end":{"line":39,"column":4}}},"4":{"name":"allowance","line":41,"loc":{"start":{"line":41,"column":4},"end":{"line":43,"column":4}}},"5":{"name":"approve","line":45,"loc":{"start":{"line":45,"column":4},"end":{"line":48,"column":4}}},"6":{"name":"transferFrom","line":50,"loc":{"start":{"line":50,"column":4},"end":{"line":55,"column":4}}},"7":{"name":"_updateAllowance","line":57,"loc":{"start":{"line":57,"column":4},"end":{"line":61,"column":4}}},"8":{"name":"_approve","line":63,"loc":{"start":{"line":63,"column":4},"end":{"line":69,"column":4}}},"9":{"name":"transfer","line":71,"loc":{"start":{"line":71,"column":4},"end":{"line":74,"column":4}}},"10":{"name":"_transfer","line":76,"loc":{"start":{"line":76,"column":4},"end":{"line":84,"column":4}}},"11":{"name":"mint","line":86,"loc":{"start":{"line":86,"column":4},"end":{"line":92,"column":4}}},"12":{"name":"burn","line":94,"loc":{"start":{"line":94,"column":4},"end":{"line":102,"column":4}}}},"statementMap":{"1":{"start":{"line":26,"column":8},"end":{"line":26,"column":25}},"2":{"start":{"line":27,"column":8},"end":{"line":27,"column":19}},"3":{"start":{"line":28,"column":8},"end":{"line":28,"column":23}},"4":{"start":{"line":29,"column":8},"end":{"line":29,"column":27}},"5":{"start":{"line":33,"column":8},"end":{"line":33,"column":59}},"6":{"start":{"line":38,"column":8},"end":{"line":38,"column":31}},"7":{"start":{"line":42,"column":8},"end":{"line":42,"column":43}},"8":{"start":{"line":46,"column":8},"end":{"line":46,"column":45}},"9":{"start":{"line":47,"column":8},"end":{"line":47,"column":19}},"10":{"start":{"line":51,"column":8},"end":{"line":51,"column":76}},"11":{"start":{"line":52,"column":8},"end":{"line":52,"column":50}},"12":{"start":{"line":53,"column":8},"end":{"line":53,"column":36}},"13":{"start":{"line":54,"column":8},"end":{"line":54,"column":19}},"14":{"start":{"line":58,"column":8},"end":{"line":58,"column":53}},"15":{"start":{"line":59,"column":8},"end":{"line":59,"column":69}},"16":{"start":{"line":60,"column":8},"end":{"line":60,"column":54}},"17":{"start":{"line":64,"column":8},"end":{"line":64,"column":76}},"18":{"start":{"line":66,"column":8},"end":{"line":66,"column":44}},"19":{"start":{"line":68,"column":8},"end":{"line":68,"column":47}},"20":{"start":{"line":72,"column":8},"end":{"line":72,"column":41}},"21":{"start":{"line":73,"column":8},"end":{"line":73,"column":19}},"22":{"start":{"line":77,"column":8},"end":{"line":77,"column":72}},"23":{"start":{"line":78,"column":8},"end":{"line":78,"column":75}},"24":{"start":{"line":80,"column":8},"end":{"line":80,"column":32}},"25":{"start":{"line":81,"column":8},"end":{"line":81,"column":30}},"26":{"start":{"line":83,"column":8},"end":{"line":83,"column":41}},"27":{"start":{"line":87,"column":8},"end":{"line":87,"column":67}},"28":{"start":{"line":88,"column":8},"end":{"line":88,"column":29}},"29":{"start":{"line":89,"column":8},"end":{"line":89,"column":36}},"30":{"start":{"line":91,"column":8},"end":{"line":91,"column":52}},"31":{"start":{"line":95,"column":8},"end":{"line":95,"column":69}},"32":{"start":{"line":96,"column":8},"end":{"line":96,"column":70}},"33":{"start":{"line":98,"column":8},"end":{"line":98,"column":29}},"34":{"start":{"line":99,"column":8},"end":{"line":99,"column":36}},"35":{"start":{"line":101,"column":8},"end":{"line":101,"column":52}}},"branchMap":{"1":{"line":33,"type":"if","locations":[{"start":{"line":33,"column":8},"end":{"line":33,"column":8}},{"start":{"line":33,"column":8},"end":{"line":33,"column":8}}]},"2":{"line":51,"type":"if","locations":[{"start":{"line":51,"column":8},"end":{"line":51,"column":8}},{"start":{"line":51,"column":8},"end":{"line":51,"column":8}}]},"3":{"line":59,"type":"if","locations":[{"start":{"line":59,"column":8},"end":{"line":59,"column":8}},{"start":{"line":59,"column":8},"end":{"line":59,"column":8}}]},"4":{"line":64,"type":"if","locations":[{"start":{"line":64,"column":8},"end":{"line":64,"column":8}},{"start":{"line":64,"column":8},"end":{"line":64,"column":8}}]},"5":{"line":77,"type":"if","locations":[{"start":{"line":77,"column":8},"end":{"line":77,"column":8}},{"start":{"line":77,"column":8},"end":{"line":77,"column":8}}]},"6":{"line":78,"type":"if","locations":[{"start":{"line":78,"column":8},"end":{"line":78,"column":8}},{"start":{"line":78,"column":8},"end":{"line":78,"column":8}}]},"7":{"line":87,"type":"if","locations":[{"start":{"line":87,"column":8},"end":{"line":87,"column":8}},{"start":{"line":87,"column":8},"end":{"line":87,"column":8}}]},"8":{"line":95,"type":"if","locations":[{"start":{"line":95,"column":8},"end":{"line":95,"column":8}},{"start":{"line":95,"column":8},"end":{"line":95,"column":8}}]},"9":{"line":96,"type":"if","locations":[{"start":{"line":96,"column":8},"end":{"line":96,"column":8}},{"start":{"line":96,"column":8},"end":{"line":96,"column":8}}]}}},"contracts\\interfaces\\IUniswapV2ERC20.sol":{"l":{},"path":"C:\\Users\\Acer\\Desktop\\_Crypton\\_week2\\contracts\\interfaces\\IUniswapV2ERC20.sol","s":{},"b":{},"f":{},"fnMap":{},"statementMap":{},"branchMap":{}},"contracts\\interfaces\\IUniswapV2Factory.sol":{"l":{},"path":"C:\\Users\\Acer\\Desktop\\_Crypton\\_week2\\contracts\\interfaces\\IUniswapV2Factory.sol","s":{},"b":{},"f":{},"fnMap":{},"statementMap":{},"branchMap":{}},"contracts\\interfaces\\IUniswapV2Pair.sol":{"l":{},"path":"C:\\Users\\Acer\\Desktop\\_Crypton\\_week2\\contracts\\interfaces\\IUniswapV2Pair.sol","s":{},"b":{},"f":{},"fnMap":{},"statementMap":{},"branchMap":{}},"contracts\\interfaces\\IUniswapV2Router01.sol":{"l":{},"path":"C:\\Users\\Acer\\Desktop\\_Crypton\\_week2\\contracts\\interfaces\\IUniswapV2Router01.sol","s":{},"b":{},"f":{},"fnMap":{},"statementMap":{},"branchMap":{}},"contracts\\interfaces\\IUniswapV2Router02.sol":{"l":{},"path":"C:\\Users\\Acer\\Desktop\\_Crypton\\_week2\\contracts\\interfaces\\IUniswapV2Router02.sol","s":{},"b":{},"f":{},"fnMap":{},"statementMap":{},"branchMap":{}},"contracts\\STAKING.sol":{"l":{"44":57,"45":57,"46":57,"47":57,"48":57,"49":57,"50":57,"51":57,"55":41,"56":39,"60":8,"64":14,"68":10,"69":9,"73":6,"74":3,"78":18,"79":17,"80":16,"82":15,"83":15,"85":14,"89":14,"90":13,"91":12,"92":9,"96":22,"98":21,"100":21,"104":13,"105":13,"106":12,"110":31,"114":55,"116":54,"117":54,"119":50,"123":5,"124":4,"126":3,"127":3,"129":3,"134":3,"135":3,"136":3,"140":53,"141":53,"142":27,"144":53,"146":53,"147":24,"151":28,"152":27,"154":26,"155":26,"156":26,"158":24,"159":22,"163":29,"165":27,"166":27,"168":27,"169":24,"170":24,"175":14,"177":13,"178":11,"179":11,"181":11,"182":6},"path":"C:\\Users\\Acer\\Desktop\\_Crypton\\_week2\\contracts\\STAKING.sol","s":{"1":57,"2":57,"3":57,"4":57,"5":57,"6":57,"7":57,"8":57,"9":41,"10":8,"11":14,"12":10,"13":9,"14":6,"15":3,"16":18,"17":17,"18":16,"19":15,"20":15,"21":14,"22":14,"23":13,"24":12,"25":9,"26":22,"27":21,"28":21,"29":13,"30":13,"31":12,"32":31,"33":55,"34":54,"35":54,"36":50,"37":5,"38":4,"39":3,"40":3,"41":3,"42":3,"43":3,"44":3,"45":53,"46":53,"47":27,"48":53,"49":53,"50":24,"51":28,"52":27,"53":26,"54":26,"55":26,"56":24,"57":22,"58":29,"59":27,"60":27,"61":27,"62":24,"63":24,"64":14,"65":13,"66":11,"67":11,"68":11,"69":6},"b":{"1":[39,2],"2":[17,1],"3":[16,1],"4":[15,1],"5":[13,1],"6":[21,1],"7":[12,1],"8":[54,1],"9":[4,1],"10":[3,1],"11":[27,26],"12":[24,29],"13":[27,1],"14":[26,1],"15":[27,2],"16":[24,3],"17":[13,1],"18":[6,5]},"f":{"1":57,"2":41,"3":8,"4":14,"5":10,"6":6,"7":18,"8":14,"9":22,"10":13,"11":31,"12":55,"13":5,"14":3,"15":53,"16":28,"17":29,"18":14},"fnMap":{"1":{"name":"constructor","line":35,"loc":{"start":{"line":35,"column":4},"end":{"line":52,"column":4}}},"2":{"name":"isOnwer","line":54,"loc":{"start":{"line":54,"column":4},"end":{"line":57,"column":4}}},"3":{"name":"balanceOf","line":59,"loc":{"start":{"line":59,"column":4},"end":{"line":61,"column":4}}},"4":{"name":"allowance","line":63,"loc":{"start":{"line":63,"column":4},"end":{"line":65,"column":4}}},"5":{"name":"approve","line":67,"loc":{"start":{"line":67,"column":4},"end":{"line":70,"column":4}}},"6":{"name":"transfer","line":72,"loc":{"start":{"line":72,"column":4},"end":{"line":75,"column":4}}},"7":{"name":"_transfer","line":77,"loc":{"start":{"line":77,"column":4},"end":{"line":86,"column":4}}},"8":{"name":"transferFrom","line":88,"loc":{"start":{"line":88,"column":4},"end":{"line":93,"column":4}}},"9":{"name":"_approve","line":95,"loc":{"start":{"line":95,"column":4},"end":{"line":101,"column":4}}},"10":{"name":"_updateAllowance","line":103,"loc":{"start":{"line":103,"column":4},"end":{"line":107,"column":4}}},"11":{"name":"mint","line":109,"loc":{"start":{"line":109,"column":4},"end":{"line":111,"column":4}}},"12":{"name":"_mint","line":113,"loc":{"start":{"line":113,"column":4},"end":{"line":120,"column":4}}},"13":{"name":"burn","line":122,"loc":{"start":{"line":122,"column":4},"end":{"line":130,"column":4}}},"14":{"name":"updateStaking","line":133,"loc":{"start":{"line":133,"column":4},"end":{"line":137,"column":4}}},"15":{"name":"updateRewards","line":139,"loc":{"start":{"line":139,"column":4},"end":{"line":148,"column":4}}},"16":{"name":"stake","line":150,"loc":{"start":{"line":150,"column":4},"end":{"line":160,"column":4}}},"17":{"name":"claim","line":162,"loc":{"start":{"line":162,"column":4},"end":{"line":172,"column":4}}},"18":{"name":"unstake","line":174,"loc":{"start":{"line":174,"column":4},"end":{"line":183,"column":4}}}},"statementMap":{"1":{"start":{"line":44,"column":8},"end":{"line":44,"column":25}},"2":{"start":{"line":45,"column":8},"end":{"line":45,"column":19}},"3":{"start":{"line":46,"column":8},"end":{"line":46,"column":23}},"4":{"start":{"line":47,"column":8},"end":{"line":47,"column":27}},"5":{"start":{"line":48,"column":8},"end":{"line":48,"column":25}},"6":{"start":{"line":49,"column":8},"end":{"line":49,"column":27}},"7":{"start":{"line":50,"column":8},"end":{"line":50,"column":27}},"8":{"start":{"line":51,"column":8},"end":{"line":51,"column":31}},"9":{"start":{"line":55,"column":8},"end":{"line":55,"column":59}},"10":{"start":{"line":60,"column":8},"end":{"line":60,"column":31}},"11":{"start":{"line":64,"column":8},"end":{"line":64,"column":43}},"12":{"start":{"line":68,"column":8},"end":{"line":68,"column":45}},"13":{"start":{"line":69,"column":8},"end":{"line":69,"column":19}},"14":{"start":{"line":73,"column":8},"end":{"line":73,"column":41}},"15":{"start":{"line":74,"column":8},"end":{"line":74,"column":19}},"16":{"start":{"line":78,"column":8},"end":{"line":78,"column":72}},"17":{"start":{"line":79,"column":8},"end":{"line":79,"column":75}},"18":{"start":{"line":80,"column":8},"end":{"line":80,"column":57}},"19":{"start":{"line":82,"column":8},"end":{"line":82,"column":32}},"20":{"start":{"line":83,"column":8},"end":{"line":83,"column":30}},"21":{"start":{"line":85,"column":8},"end":{"line":85,"column":41}},"22":{"start":{"line":89,"column":8},"end":{"line":89,"column":76}},"23":{"start":{"line":90,"column":8},"end":{"line":90,"column":50}},"24":{"start":{"line":91,"column":8},"end":{"line":91,"column":36}},"25":{"start":{"line":92,"column":8},"end":{"line":92,"column":19}},"26":{"start":{"line":96,"column":8},"end":{"line":96,"column":76}},"27":{"start":{"line":98,"column":8},"end":{"line":98,"column":44}},"28":{"start":{"line":100,"column":8},"end":{"line":100,"column":47}},"29":{"start":{"line":104,"column":8},"end":{"line":104,"column":53}},"30":{"start":{"line":105,"column":8},"end":{"line":105,"column":69}},"31":{"start":{"line":106,"column":8},"end":{"line":106,"column":54}},"32":{"start":{"line":110,"column":8},"end":{"line":110,"column":31}},"33":{"start":{"line":114,"column":8},"end":{"line":114,"column":67}},"34":{"start":{"line":116,"column":8},"end":{"line":116,"column":29}},"35":{"start":{"line":117,"column":8},"end":{"line":117,"column":36}},"36":{"start":{"line":119,"column":8},"end":{"line":119,"column":52}},"37":{"start":{"line":123,"column":8},"end":{"line":123,"column":69}},"38":{"start":{"line":124,"column":8},"end":{"line":124,"column":70}},"39":{"start":{"line":126,"column":8},"end":{"line":126,"column":29}},"40":{"start":{"line":127,"column":8},"end":{"line":127,"column":36}},"41":{"start":{"line":129,"column":8},"end":{"line":129,"column":52}},"42":{"start":{"line":134,"column":8},"end":{"line":134,"column":25}},"43":{"start":{"line":135,"column":8},"end":{"line":135,"column":27}},"44":{"start":{"line":136,"column":8},"end":{"line":136,"column":27}},"45":{"start":{"line":140,"column":8},"end":{"line":140,"column":19}},"46":{"start":{"line":141,"column":8},"end":{"line":141,"column":4473}},"47":{"start":{"line":142,"column":12},"end":{"line":142,"column":80}},"48":{"start":{"line":144,"column":8},"end":{"line":144,"column":54}},"49":{"start":{"line":146,"column":8},"end":{"line":146,"column":4671}},"50":{"start":{"line":147,"column":12},"end":{"line":147,"column":87}},"51":{"start":{"line":151,"column":8},"end":{"line":151,"column":53}},"52":{"start":{"line":152,"column":8},"end":{"line":152,"column":118}},"53":{"start":{"line":154,"column":8},"end":{"line":154,"column":22}},"54":{"start":{"line":155,"column":8},"end":{"line":155,"column":44}},"55":{"start":{"line":156,"column":8},"end":{"line":156,"column":67}},"56":{"start":{"line":158,"column":8},"end":{"line":158,"column":39}},"57":{"start":{"line":159,"column":8},"end":{"line":159,"column":19}},"58":{"start":{"line":163,"column":8},"end":{"line":163,"column":73}},"59":{"start":{"line":165,"column":8},"end":{"line":165,"column":22}},"60":{"start":{"line":166,"column":8},"end":{"line":166,"column":43}},"61":{"start":{"line":168,"column":8},"end":{"line":168,"column":5358}},"62":{"start":{"line":169,"column":12},"end":{"line":169,"column":34}},"63":{"start":{"line":170,"column":12},"end":{"line":170,"column":38}},"64":{"start":{"line":175,"column":8},"end":{"line":175,"column":94}},"65":{"start":{"line":177,"column":8},"end":{"line":177,"column":14}},"66":{"start":{"line":178,"column":8},"end":{"line":178,"column":49}},"67":{"start":{"line":179,"column":8},"end":{"line":179,"column":37}},"68":{"start":{"line":181,"column":8},"end":{"line":181,"column":91}},"69":{"start":{"line":182,"column":8},"end":{"line":182,"column":19}}},"branchMap":{"1":{"line":55,"type":"if","locations":[{"start":{"line":55,"column":8},"end":{"line":55,"column":8}},{"start":{"line":55,"column":8},"end":{"line":55,"column":8}}]},"2":{"line":78,"type":"if","locations":[{"start":{"line":78,"column":8},"end":{"line":78,"column":8}},{"start":{"line":78,"column":8},"end":{"line":78,"column":8}}]},"3":{"line":79,"type":"if","locations":[{"start":{"line":79,"column":8},"end":{"line":79,"column":8}},{"start":{"line":79,"column":8},"end":{"line":79,"column":8}}]},"4":{"line":80,"type":"if","locations":[{"start":{"line":80,"column":8},"end":{"line":80,"column":8}},{"start":{"line":80,"column":8},"end":{"line":80,"column":8}}]},"5":{"line":89,"type":"if","locations":[{"start":{"line":89,"column":8},"end":{"line":89,"column":8}},{"start":{"line":89,"column":8},"end":{"line":89,"column":8}}]},"6":{"line":96,"type":"if","locations":[{"start":{"line":96,"column":8},"end":{"line":96,"column":8}},{"start":{"line":96,"column":8},"end":{"line":96,"column":8}}]},"7":{"line":105,"type":"if","locations":[{"start":{"line":105,"column":8},"end":{"line":105,"column":8}},{"start":{"line":105,"column":8},"end":{"line":105,"column":8}}]},"8":{"line":114,"type":"if","locations":[{"start":{"line":114,"column":8},"end":{"line":114,"column":8}},{"start":{"line":114,"column":8},"end":{"line":114,"column":8}}]},"9":{"line":123,"type":"if","locations":[{"start":{"line":123,"column":8},"end":{"line":123,"column":8}},{"start":{"line":123,"column":8},"end":{"line":123,"column":8}}]},"10":{"line":124,"type":"if","locations":[{"start":{"line":124,"column":8},"end":{"line":124,"column":8}},{"start":{"line":124,"column":8},"end":{"line":124,"column":8}}]},"11":{"line":141,"type":"if","locations":[{"start":{"line":141,"column":8},"end":{"line":141,"column":8}},{"start":{"line":141,"column":8},"end":{"line":141,"column":8}}]},"12":{"line":146,"type":"if","locations":[{"start":{"line":146,"column":8},"end":{"line":146,"column":8}},{"start":{"line":146,"column":8},"end":{"line":146,"column":8}}]},"13":{"line":151,"type":"if","locations":[{"start":{"line":151,"column":8},"end":{"line":151,"column":8}},{"start":{"line":151,"column":8},"end":{"line":151,"column":8}}]},"14":{"line":152,"type":"if","locations":[{"start":{"line":152,"column":8},"end":{"line":152,"column":8}},{"start":{"line":152,"column":8},"end":{"line":152,"column":8}}]},"15":{"line":163,"type":"if","locations":[{"start":{"line":163,"column":8},"end":{"line":163,"column":8}},{"start":{"line":163,"column":8},"end":{"line":163,"column":8}}]},"16":{"line":168,"type":"if","locations":[{"start":{"line":168,"column":8},"end":{"line":168,"column":8}},{"start":{"line":168,"column":8},"end":{"line":168,"column":8}}]},"17":{"line":175,"type":"if","locations":[{"start":{"line":175,"column":8},"end":{"line":175,"column":8}},{"start":{"line":175,"column":8},"end":{"line":175,"column":8}}]},"18":{"line":181,"type":"if","locations":[{"start":{"line":181,"column":8},"end":{"line":181,"column":8}},{"start":{"line":181,"column":8},"end":{"line":181,"column":8}}]}}}}