{"contracts\\ERCTOKEN.sol":{"l":{"27":36,"28":36,"29":36,"30":36,"34":36,"35":36,"39":12,"43":8,"47":24,"48":24,"52":8,"53":8,"54":8,"55":8,"59":8,"60":8,"61":8,"65":32,"67":32,"69":32,"73":25,"74":23,"78":33,"79":33,"81":33,"82":33,"84":32,"88":36,"89":36,"90":36,"92":36,"96":0,"97":0,"99":0,"100":0,"102":0},"path":"C:\\Users\\Acer\\Desktop\\_Crypton\\_week2\\contracts\\ERCTOKEN.sol","s":{"1":36,"2":36,"3":36,"4":36,"5":36,"6":12,"7":8,"8":24,"9":24,"10":8,"11":8,"12":8,"13":8,"14":8,"15":8,"16":8,"17":32,"18":32,"19":32,"20":25,"21":23,"22":33,"23":33,"24":33,"25":33,"26":32,"27":36,"28":36,"29":36,"30":36,"31":0,"32":0,"33":0,"34":0,"35":0},"b":{"1":[36,0],"2":[8,0],"3":[8,0],"4":[32,0],"5":[33,0],"6":[33,0],"7":[36,0],"8":[0,0],"9":[0,0]},"f":{"1":36,"2":36,"3":12,"4":8,"5":24,"6":8,"7":8,"8":32,"9":25,"10":33,"11":36,"12":0},"fnMap":{"1":{"name":"constructor","line":22,"loc":{"start":{"line":22,"column":4},"end":{"line":31,"column":4}}},"2":{"name":"isOnwer","line":33,"loc":{"start":{"line":33,"column":4},"end":{"line":36,"column":4}}},"3":{"name":"balanceOf","line":38,"loc":{"start":{"line":38,"column":4},"end":{"line":40,"column":4}}},"4":{"name":"allowance","line":42,"loc":{"start":{"line":42,"column":4},"end":{"line":44,"column":4}}},"5":{"name":"approve","line":46,"loc":{"start":{"line":46,"column":4},"end":{"line":49,"column":4}}},"6":{"name":"transferFrom","line":51,"loc":{"start":{"line":51,"column":4},"end":{"line":56,"column":4}}},"7":{"name":"_updateAllowance","line":58,"loc":{"start":{"line":58,"column":4},"end":{"line":62,"column":4}}},"8":{"name":"_approve","line":64,"loc":{"start":{"line":64,"column":4},"end":{"line":70,"column":4}}},"9":{"name":"transfer","line":72,"loc":{"start":{"line":72,"column":4},"end":{"line":75,"column":4}}},"10":{"name":"_transfer","line":77,"loc":{"start":{"line":77,"column":4},"end":{"line":85,"column":4}}},"11":{"name":"mint","line":87,"loc":{"start":{"line":87,"column":4},"end":{"line":93,"column":4}}},"12":{"name":"burn","line":95,"loc":{"start":{"line":95,"column":4},"end":{"line":103,"column":4}}}},"statementMap":{"1":{"start":{"line":27,"column":8},"end":{"line":27,"column":25}},"2":{"start":{"line":28,"column":8},"end":{"line":28,"column":19}},"3":{"start":{"line":29,"column":8},"end":{"line":29,"column":23}},"4":{"start":{"line":30,"column":8},"end":{"line":30,"column":27}},"5":{"start":{"line":34,"column":8},"end":{"line":34,"column":59}},"6":{"start":{"line":39,"column":8},"end":{"line":39,"column":31}},"7":{"start":{"line":43,"column":8},"end":{"line":43,"column":43}},"8":{"start":{"line":47,"column":8},"end":{"line":47,"column":45}},"9":{"start":{"line":48,"column":8},"end":{"line":48,"column":19}},"10":{"start":{"line":52,"column":8},"end":{"line":52,"column":76}},"11":{"start":{"line":53,"column":8},"end":{"line":53,"column":50}},"12":{"start":{"line":54,"column":8},"end":{"line":54,"column":36}},"13":{"start":{"line":55,"column":8},"end":{"line":55,"column":19}},"14":{"start":{"line":59,"column":8},"end":{"line":59,"column":53}},"15":{"start":{"line":60,"column":8},"end":{"line":60,"column":69}},"16":{"start":{"line":61,"column":8},"end":{"line":61,"column":54}},"17":{"start":{"line":65,"column":8},"end":{"line":65,"column":76}},"18":{"start":{"line":67,"column":8},"end":{"line":67,"column":44}},"19":{"start":{"line":69,"column":8},"end":{"line":69,"column":47}},"20":{"start":{"line":73,"column":8},"end":{"line":73,"column":41}},"21":{"start":{"line":74,"column":8},"end":{"line":74,"column":19}},"22":{"start":{"line":78,"column":8},"end":{"line":78,"column":72}},"23":{"start":{"line":79,"column":8},"end":{"line":79,"column":75}},"24":{"start":{"line":81,"column":8},"end":{"line":81,"column":32}},"25":{"start":{"line":82,"column":8},"end":{"line":82,"column":30}},"26":{"start":{"line":84,"column":8},"end":{"line":84,"column":41}},"27":{"start":{"line":88,"column":8},"end":{"line":88,"column":67}},"28":{"start":{"line":89,"column":8},"end":{"line":89,"column":29}},"29":{"start":{"line":90,"column":8},"end":{"line":90,"column":36}},"30":{"start":{"line":92,"column":8},"end":{"line":92,"column":52}},"31":{"start":{"line":96,"column":8},"end":{"line":96,"column":69}},"32":{"start":{"line":97,"column":8},"end":{"line":97,"column":70}},"33":{"start":{"line":99,"column":8},"end":{"line":99,"column":29}},"34":{"start":{"line":100,"column":8},"end":{"line":100,"column":36}},"35":{"start":{"line":102,"column":8},"end":{"line":102,"column":52}}},"branchMap":{"1":{"line":34,"type":"if","locations":[{"start":{"line":34,"column":8},"end":{"line":34,"column":8}},{"start":{"line":34,"column":8},"end":{"line":34,"column":8}}]},"2":{"line":52,"type":"if","locations":[{"start":{"line":52,"column":8},"end":{"line":52,"column":8}},{"start":{"line":52,"column":8},"end":{"line":52,"column":8}}]},"3":{"line":60,"type":"if","locations":[{"start":{"line":60,"column":8},"end":{"line":60,"column":8}},{"start":{"line":60,"column":8},"end":{"line":60,"column":8}}]},"4":{"line":65,"type":"if","locations":[{"start":{"line":65,"column":8},"end":{"line":65,"column":8}},{"start":{"line":65,"column":8},"end":{"line":65,"column":8}}]},"5":{"line":78,"type":"if","locations":[{"start":{"line":78,"column":8},"end":{"line":78,"column":8}},{"start":{"line":78,"column":8},"end":{"line":78,"column":8}}]},"6":{"line":79,"type":"if","locations":[{"start":{"line":79,"column":8},"end":{"line":79,"column":8}},{"start":{"line":79,"column":8},"end":{"line":79,"column":8}}]},"7":{"line":88,"type":"if","locations":[{"start":{"line":88,"column":8},"end":{"line":88,"column":8}},{"start":{"line":88,"column":8},"end":{"line":88,"column":8}}]},"8":{"line":96,"type":"if","locations":[{"start":{"line":96,"column":8},"end":{"line":96,"column":8}},{"start":{"line":96,"column":8},"end":{"line":96,"column":8}}]},"9":{"line":97,"type":"if","locations":[{"start":{"line":97,"column":8},"end":{"line":97,"column":8}},{"start":{"line":97,"column":8},"end":{"line":97,"column":8}}]}}},"contracts\\interfaces\\IERC20.sol":{"l":{},"path":"C:\\Users\\Acer\\Desktop\\_Crypton\\_week2\\contracts\\interfaces\\IERC20.sol","s":{},"b":{},"f":{},"fnMap":{},"statementMap":{},"branchMap":{}},"contracts\\interfaces\\IUniswapV2ERC20.sol":{"l":{},"path":"C:\\Users\\Acer\\Desktop\\_Crypton\\_week2\\contracts\\interfaces\\IUniswapV2ERC20.sol","s":{},"b":{},"f":{},"fnMap":{},"statementMap":{},"branchMap":{}},"contracts\\interfaces\\IUniswapV2Factory.sol":{"l":{},"path":"C:\\Users\\Acer\\Desktop\\_Crypton\\_week2\\contracts\\interfaces\\IUniswapV2Factory.sol","s":{},"b":{},"f":{},"fnMap":{},"statementMap":{},"branchMap":{}},"contracts\\interfaces\\IUniswapV2Pair.sol":{"l":{},"path":"C:\\Users\\Acer\\Desktop\\_Crypton\\_week2\\contracts\\interfaces\\IUniswapV2Pair.sol","s":{},"b":{},"f":{},"fnMap":{},"statementMap":{},"branchMap":{}},"contracts\\interfaces\\IUniswapV2Router01.sol":{"l":{},"path":"C:\\Users\\Acer\\Desktop\\_Crypton\\_week2\\contracts\\interfaces\\IUniswapV2Router01.sol","s":{},"b":{},"f":{},"fnMap":{},"statementMap":{},"branchMap":{}},"contracts\\interfaces\\IUniswapV2Router02.sol":{"l":{},"path":"C:\\Users\\Acer\\Desktop\\_Crypton\\_week2\\contracts\\interfaces\\IUniswapV2Router02.sol","s":{},"b":{},"f":{},"fnMap":{},"statementMap":{},"branchMap":{}},"contracts\\STAKING.sol":{"l":{"35":12,"36":12,"37":12,"38":12,"39":12,"40":12,"44":4,"45":3,"49":3,"50":3,"51":3,"55":54,"56":54,"57":28,"59":54,"61":54,"62":25,"66":28,"67":27,"69":26,"70":26,"71":26,"73":24,"74":22,"78":30,"80":28,"81":28,"83":28,"84":25,"85":25,"90":14,"92":13,"93":11,"94":11,"96":11,"97":6},"path":"C:\\Users\\Acer\\Desktop\\_Crypton\\_week2\\contracts\\STAKING.sol","s":{"1":12,"2":12,"3":12,"4":12,"5":12,"6":12,"7":4,"8":3,"9":3,"10":3,"11":54,"12":54,"13":28,"14":54,"15":54,"16":25,"17":28,"18":27,"19":26,"20":26,"21":26,"22":24,"23":22,"24":30,"25":28,"26":28,"27":28,"28":25,"29":25,"30":14,"31":13,"32":11,"33":11,"34":11,"35":6},"b":{"1":[3,1],"2":[28,26],"3":[25,29],"4":[27,1],"5":[28,2],"6":[25,3],"7":[13,1]},"f":{"1":12,"2":4,"3":3,"4":54,"5":28,"6":30,"7":14},"fnMap":{"1":{"name":"constructor","line":28,"loc":{"start":{"line":28,"column":4},"end":{"line":41,"column":4}}},"2":{"name":"isOnwer","line":43,"loc":{"start":{"line":43,"column":4},"end":{"line":46,"column":4}}},"3":{"name":"updateStaking","line":48,"loc":{"start":{"line":48,"column":4},"end":{"line":52,"column":4}}},"4":{"name":"updateRewards","line":54,"loc":{"start":{"line":54,"column":4},"end":{"line":63,"column":4}}},"5":{"name":"stake","line":65,"loc":{"start":{"line":65,"column":4},"end":{"line":75,"column":4}}},"6":{"name":"claim","line":77,"loc":{"start":{"line":77,"column":4},"end":{"line":87,"column":4}}},"7":{"name":"unstake","line":89,"loc":{"start":{"line":89,"column":4},"end":{"line":98,"column":4}}}},"statementMap":{"1":{"start":{"line":35,"column":8},"end":{"line":35,"column":25}},"2":{"start":{"line":36,"column":8},"end":{"line":36,"column":25}},"3":{"start":{"line":37,"column":8},"end":{"line":37,"column":27}},"4":{"start":{"line":38,"column":8},"end":{"line":38,"column":27}},"5":{"start":{"line":39,"column":8},"end":{"line":39,"column":31}},"6":{"start":{"line":40,"column":8},"end":{"line":40,"column":33}},"7":{"start":{"line":44,"column":8},"end":{"line":44,"column":59}},"8":{"start":{"line":49,"column":8},"end":{"line":49,"column":25}},"9":{"start":{"line":50,"column":8},"end":{"line":50,"column":27}},"10":{"start":{"line":51,"column":8},"end":{"line":51,"column":27}},"11":{"start":{"line":55,"column":8},"end":{"line":55,"column":19}},"12":{"start":{"line":56,"column":8},"end":{"line":56,"column":1378}},"13":{"start":{"line":57,"column":12},"end":{"line":57,"column":80}},"14":{"start":{"line":59,"column":8},"end":{"line":59,"column":54}},"15":{"start":{"line":61,"column":8},"end":{"line":61,"column":1576}},"16":{"start":{"line":62,"column":12},"end":{"line":62,"column":87}},"17":{"start":{"line":66,"column":8},"end":{"line":66,"column":53}},"18":{"start":{"line":67,"column":8},"end":{"line":67,"column":74}},"19":{"start":{"line":69,"column":8},"end":{"line":69,"column":22}},"20":{"start":{"line":70,"column":8},"end":{"line":70,"column":44}},"21":{"start":{"line":71,"column":8},"end":{"line":71,"column":67}},"22":{"start":{"line":73,"column":8},"end":{"line":73,"column":39}},"23":{"start":{"line":74,"column":8},"end":{"line":74,"column":19}},"24":{"start":{"line":78,"column":8},"end":{"line":78,"column":73}},"25":{"start":{"line":80,"column":8},"end":{"line":80,"column":22}},"26":{"start":{"line":81,"column":8},"end":{"line":81,"column":43}},"27":{"start":{"line":83,"column":8},"end":{"line":83,"column":2220}},"28":{"start":{"line":84,"column":12},"end":{"line":84,"column":34}},"29":{"start":{"line":85,"column":12},"end":{"line":85,"column":61}},"30":{"start":{"line":90,"column":8},"end":{"line":90,"column":94}},"31":{"start":{"line":92,"column":8},"end":{"line":92,"column":14}},"32":{"start":{"line":93,"column":8},"end":{"line":93,"column":49}},"33":{"start":{"line":94,"column":8},"end":{"line":94,"column":37}},"34":{"start":{"line":96,"column":8},"end":{"line":96,"column":55}},"35":{"start":{"line":97,"column":8},"end":{"line":97,"column":19}}},"branchMap":{"1":{"line":44,"type":"if","locations":[{"start":{"line":44,"column":8},"end":{"line":44,"column":8}},{"start":{"line":44,"column":8},"end":{"line":44,"column":8}}]},"2":{"line":56,"type":"if","locations":[{"start":{"line":56,"column":8},"end":{"line":56,"column":8}},{"start":{"line":56,"column":8},"end":{"line":56,"column":8}}]},"3":{"line":61,"type":"if","locations":[{"start":{"line":61,"column":8},"end":{"line":61,"column":8}},{"start":{"line":61,"column":8},"end":{"line":61,"column":8}}]},"4":{"line":66,"type":"if","locations":[{"start":{"line":66,"column":8},"end":{"line":66,"column":8}},{"start":{"line":66,"column":8},"end":{"line":66,"column":8}}]},"5":{"line":78,"type":"if","locations":[{"start":{"line":78,"column":8},"end":{"line":78,"column":8}},{"start":{"line":78,"column":8},"end":{"line":78,"column":8}}]},"6":{"line":83,"type":"if","locations":[{"start":{"line":83,"column":8},"end":{"line":83,"column":8}},{"start":{"line":83,"column":8},"end":{"line":83,"column":8}}]},"7":{"line":90,"type":"if","locations":[{"start":{"line":90,"column":8},"end":{"line":90,"column":8}},{"start":{"line":90,"column":8},"end":{"line":90,"column":8}}]}}}}